  Determining projects to restore...
  All projects are up-to-date for restore.
C:\Users\ASUS\OneDrive - islingtoncollege.edu.np\Application Development\Journal\Journal\Components\Pages\List.razor(71,31): error CS0103: The name 'JS' does not exist in the current context [C:\Users\ASUS\OneDrive - islingtoncollege.edu.np\Application Development\Journal\Journal\Journal.csproj]
C:\Users\ASUS\OneDrive - islingtoncollege.edu.np\Application Development\Journal\Journal\Components\Pages\Home.razor(110,59): warning CS8618: Non-nullable field 'RecentEntries' must contain a non-null value when exiting constructor. Consider adding the 'required' modifier or declaring the field as nullable. [C:\Users\ASUS\OneDrive - islingtoncollege.edu.np\Application Development\Journal\Journal\Journal.csproj]

Build FAILED.

C:\Users\ASUS\OneDrive - islingtoncollege.edu.np\Application Development\Journal\Journal\Components\Pages\Home.razor(110,59): warning CS8618: Non-nullable field 'RecentEntries' must contain a non-null value when exiting constructor. Consider adding the 'required' modifier or declaring the field as nullable. [C:\Users\ASUS\OneDrive - islingtoncollege.edu.np\Application Development\Journal\Journal\Journal.csproj]
C:\Users\ASUS\OneDrive - islingtoncollege.edu.np\Application Development\Journal\Journal\Components\Pages\List.razor(71,31): error CS0103: The name 'JS' does not exist in the current context [C:\Users\ASUS\OneDrive - islingtoncollege.edu.np\Application Development\Journal\Journal\Journal.csproj]
    1 Warning(s)
    1 Error(s)

Time Elapsed 00:00:04.56

Workload updates are available. Run `dotnet workload list` for more information.
