  Determining projects to restore...
  All projects are up-to-date for restore.
C:\Users\ASUS\OneDrive - islingtoncollege.edu.np\23049311 Jeshan Gurung\Journal\Journal\Services\ThemeService.cs(13,16): warning CS8618: Non-nullable event 'OnThemeChanged' must contain a non-null value when exiting constructor. Consider adding the 'required' modifier or declaring the event as nullable. [C:\Users\ASUS\OneDrive - islingtoncollege.edu.np\23049311 Jeshan Gurung\Journal\Journal\Journal.csproj]
C:\Users\ASUS\OneDrive - islingtoncollege.edu.np\23049311 Jeshan Gurung\Journal\Journal\MauiProgram.cs(38,32): error CS0103: The name 'app' does not exist in the current context [C:\Users\ASUS\OneDrive - islingtoncollege.edu.np\23049311 Jeshan Gurung\Journal\Journal\Journal.csproj]
C:\Users\ASUS\OneDrive - islingtoncollege.edu.np\23049311 Jeshan Gurung\Journal\Journal\MauiProgram.cs(48,20): error CS0103: The name 'app' does not exist in the current context [C:\Users\ASUS\OneDrive - islingtoncollege.edu.np\23049311 Jeshan Gurung\Journal\Journal\Journal.csproj]
C:\Users\ASUS\OneDrive - islingtoncollege.edu.np\23049311 Jeshan Gurung\Journal\Journal\Components\Pages\Authentication.razor(127,24): warning CS1998: This async method lacks 'await' operators and will run synchronously. Consider using the 'await' operator to await non-blocking API calls, or 'await Task.Run(...)' to do CPU-bound work on a background thread. [C:\Users\ASUS\OneDrive - islingtoncollege.edu.np\23049311 Jeshan Gurung\Journal\Journal\Journal.csproj]

Build FAILED.

C:\Users\ASUS\OneDrive - islingtoncollege.edu.np\23049311 Jeshan Gurung\Journal\Journal\Services\ThemeService.cs(13,16): warning CS8618: Non-nullable event 'OnThemeChanged' must contain a non-null value when exiting constructor. Consider adding the 'required' modifier or declaring the event as nullable. [C:\Users\ASUS\OneDrive - islingtoncollege.edu.np\23049311 Jeshan Gurung\Journal\Journal\Journal.csproj]
C:\Users\ASUS\OneDrive - islingtoncollege.edu.np\23049311 Jeshan Gurung\Journal\Journal\Components\Pages\Authentication.razor(127,24): warning CS1998: This async method lacks 'await' operators and will run synchronously. Consider using the 'await' operator to await non-blocking API calls, or 'await Task.Run(...)' to do CPU-bound work on a background thread. [C:\Users\ASUS\OneDrive - islingtoncollege.edu.np\23049311 Jeshan Gurung\Journal\Journal\Journal.csproj]
C:\Users\ASUS\OneDrive - islingtoncollege.edu.np\23049311 Jeshan Gurung\Journal\Journal\MauiProgram.cs(38,32): error CS0103: The name 'app' does not exist in the current context [C:\Users\ASUS\OneDrive - islingtoncollege.edu.np\23049311 Jeshan Gurung\Journal\Journal\Journal.csproj]
C:\Users\ASUS\OneDrive - islingtoncollege.edu.np\23049311 Jeshan Gurung\Journal\Journal\MauiProgram.cs(48,20): error CS0103: The name 'app' does not exist in the current context [C:\Users\ASUS\OneDrive - islingtoncollege.edu.np\23049311 Jeshan Gurung\Journal\Journal\Journal.csproj]
    2 Warning(s)
    2 Error(s)

Time Elapsed 00:00:06.41

Workload updates are available. Run `dotnet workload list` for more information.
